[INFO] Scanning for projects...
[INFO]                                                                         
[INFO] ------------------------------------------------------------------------
[INFO] Building nimbus 1-SNAPSHOT
[INFO] ------------------------------------------------------------------------
[WARNING] The POM for javax.servlet:servlet-api:jar:2.4-20030804.000000 is missing, no dependency information available
[WARNING] The POM for jta:jta:jar:1.0.1 is missing, no dependency information available
[WARNING] The artifact bsh:bsh:jar:2.0b4 has been relocated to org.beanshell:bsh:jar:2.0b4
[INFO] 
[INFO] --- gmaven-plugin:1.5:execute (set-custom-property) @ nimbus-template-service-scheduler2 ---
[INFO] 
[INFO] --- native2ascii-maven-plugin:2.0.1:resources (native2ascii-def) @ nimbus-template-service-scheduler2 ---
[WARNING] Source directory does not exist: C:\app\workspaces\workspace_nimbus\nimbus-template\service-scheduler2\sample\database_postgresql\messages
[INFO] 
[INFO] --- maven-antrun-plugin:1.3:run (test) @ nimbus-template-service-scheduler2 ---
[INFO] Executing tasks

test:

clean:
   [delete] Deleting directory C:\app\workspaces\workspace_nimbus\nimbus-template\target\service-scheduler2
    [mkdir] Created dir: C:\app\workspaces\workspace_nimbus\nimbus-template\target\service-scheduler2
    [mkdir] Created dir: C:\app\workspaces\workspace_nimbus\nimbus-template\target\service-scheduler2\target
     [copy] Copying 1 file to C:\app\workspaces\workspace_nimbus\nimbus-template\target\service-scheduler2\template\service-connection
     [copy] Copying 6 files to C:\app\workspaces\workspace_nimbus\nimbus-template\target\service-scheduler2\sample\service-connection
     [copy] Copying 1 file to C:\app\workspaces\workspace_nimbus\nimbus-template\target\service-scheduler2\template\service-context
     [copy] Copying 2 files to C:\app\workspaces\workspace_nimbus\nimbus-template\target\service-scheduler2\sample\service-context
     [copy] Copying 1 file to C:\app\workspaces\workspace_nimbus\nimbus-template\target\service-scheduler2\template\service-sequence
     [copy] Copying 4 files to C:\app\workspaces\workspace_nimbus\nimbus-template\target\service-scheduler2\sample\service-sequence
     [copy] Copying 1 file to C:\app\workspaces\workspace_nimbus\nimbus-template\target\service-scheduler2\template\service-keepalive
     [copy] Copying 8 files to C:\app\workspaces\workspace_nimbus\nimbus-template\target\service-scheduler2\sample\service-keepalive
     [copy] Copying 1 file to C:\app\workspaces\workspace_nimbus\nimbus-template\target\service-scheduler2\template\service-beancontrol
     [copy] Copying 3 files to C:\app\workspaces\workspace_nimbus\nimbus-template\target\service-scheduler2\sample\service-beancontrol
     [copy] Copying 1 file to C:\app\workspaces\workspace_nimbus\nimbus-template\target\service-scheduler2\template\service-journal
     [copy] Copying 4 files to C:\app\workspaces\workspace_nimbus\nimbus-template\target\service-scheduler2\sample\service-journal
     [copy] Copying 1 file to C:\app\workspaces\workspace_nimbus\nimbus-template\target\service-scheduler2\template\service-scheduler2
     [copy] Copying 7 files to C:\app\workspaces\workspace_nimbus\nimbus-template\target\service-scheduler2\sample\database_postgresql\service-scheduler2
     [java] 2018.11.08 16:29:42.315,SYSTEM_INFO,[SVCL_00005]ServiceURLが設定されました。 : file:/C:/app/workspaces/workspace_nimbus/nimbus-template/target/service-scheduler2/template/service-connection/service-definition.xml
     [java] log4j:WARN No appenders could be found for logger (org.apache.commons.jexl.ExpressionFactory).
     [java] log4j:WARN Please initialize the log4j system properly.
     [java] 2018.11.08 16:29:43.571,SYSTEM_INFO,[SVCL_00012]サーバLoggerのSYSTEM_INFOログが出力されるように設定されました。
     [java] 2018.11.08 16:29:43.571,SYSTEM_INFO,[SVCL_00012]サーバLoggerのSYSTEM_WARNログが出力されるように設定されました。
     [java] 2018.11.08 16:29:43.571,SYSTEM_INFO,[SVCL_00012]サーバLoggerのSYSTEM_ERRORログが出力されるように設定されました。
     [java] 2018.11.08 16:29:43.571,SYSTEM_INFO,[SVCL_00012]サーバLoggerのSYSTEM_FATALログが出力されるように設定されました。
     [java] 2018.11.08 16:29:43.571,SYSTEM_INFO,[SVCL_00020]ServiceManager "Sample.Service.Scheduler2" のインスタンスが生成されました。
     [java] 2018.11.08 16:29:43.571,SYSTEM_INFO,[SVCL_00023]サービス "Sample.Service.Scheduler2#Scheduler" のインスタンスが生成されました。
     [java] 2018.11.08 16:29:43.571,SYSTEM_INFO,[SVCM_00002]サービス "Sample.Service.Scheduler2#Scheduler" がServiceManager "Sample.Service.Scheduler2" に登録されました。
     [java] 2018.11.08 16:29:43.571,SYSTEM_INFO,[SVCL_00023]サービス "Sample.Service.Scheduler2#BeanFlowScheduleExecutor" のインスタンスが生成されました。
     [java] 2018.11.08 16:29:43.587,SYSTEM_INFO,[SVCM_00002]サービス "Sample.Service.Scheduler2#BeanFlowScheduleExecutor" がServiceManager "Sample.Service.Scheduler2" に登録されました。
     [java] 2018.11.08 16:29:43.587,SYSTEM_INFO,[SVCL_00023]サービス "Sample.Service.Scheduler2#ScheduleManager" のインスタンスが生成されました。
     [java] 2018.11.08 16:29:43.634,SYSTEM_INFO,[SVCM_00002]サービス "Sample.Service.Scheduler2#ScheduleManager" がServiceManager "Sample.Service.Scheduler2" に登録されました。
     [java] 2018.11.08 16:29:43.634,SYSTEM_INFO,[SVCL_00023]サービス "Sample.Service.Scheduler2#Time" のインスタンスが生成されました。
     [java] 2018.11.08 16:29:43.634,SYSTEM_INFO,[SVCM_00002]サービス "Sample.Service.Scheduler2#Time" がServiceManager "Sample.Service.Scheduler2" に登録されました。
     [java] 2018.11.08 16:29:43.634,SYSTEM_INFO,[SVCL_00020]ServiceManager "Sample.Service.Scheduler2.BeanControl" のインスタンスが生成されました。
     [java] 2018.11.08 16:29:43.634,SYSTEM_INFO,[SVCL_00023]サービス "Sample.Service.Scheduler2.BeanControl#BeanFlowInvokerFactory" のインスタンスが生成されました。
     [java] 2018.11.08 16:29:43.634,SYSTEM_INFO,[SVCM_00002]サービス "Sample.Service.Scheduler2.BeanControl#BeanFlowInvokerFactory" がServiceManager "Sample.Service.Scheduler2.BeanControl" に登録されました。
     [java] 2018.11.08 16:29:43.634,SYSTEM_INFO,[SVCL_00020]ServiceManager "Sample.Service.Scheduler2.Connection" のインスタンスが生成されました。
     [java] 2018.11.08 16:29:43.634,SYSTEM_INFO,[SVCL_00023]サービス "Sample.Service.Scheduler2.Connection#ConnectionFactory" のインスタンスが生成されました。
     [java] 2018.11.08 16:29:43.634,SYSTEM_INFO,[SVCM_00002]サービス "Sample.Service.Scheduler2.Connection#ConnectionFactory" がServiceManager "Sample.Service.Scheduler2.Connection" に登録されました。
     [java] 2018.11.08 16:29:43.634,SYSTEM_INFO,[SVCL_00020]ServiceManager "Sample.Service.Scheduler2.TableCreator" のインスタンスが生成されました。
     [java] 2018.11.08 16:29:43.634,SYSTEM_INFO,[SVCL_00023]サービス "Sample.Service.Scheduler2.TableCreator#ScheduleSequenceCreator" のインスタンスが生成されました。
     [java] 2018.11.08 16:29:43.634,SYSTEM_INFO,[SVCM_00002]サービス "Sample.Service.Scheduler2.TableCreator#ScheduleSequenceCreator" がServiceManager "Sample.Service.Scheduler2.TableCreator" に登録されました。
     [java] 2018.11.08 16:29:43.634,SYSTEM_INFO,[SVCL_00023]サービス "Sample.Service.Scheduler2.TableCreator#ScheduleSequenceTableCreator" のインスタンスが生成されました。
     [java] 2018.11.08 16:29:43.634,SYSTEM_INFO,[SVCM_00002]サービス "Sample.Service.Scheduler2.TableCreator#ScheduleSequenceTableCreator" がServiceManager "Sample.Service.Scheduler2.TableCreator" に登録されました。
     [java] 2018.11.08 16:29:43.634,SYSTEM_INFO,[SVCL_00023]サービス "Sample.Service.Scheduler2.TableCreator#ScheduleMasterTableCreator" のインスタンスが生成されました。
     [java] 2018.11.08 16:29:43.634,SYSTEM_INFO,[SVCM_00002]サービス "Sample.Service.Scheduler2.TableCreator#ScheduleMasterTableCreator" がServiceManager "Sample.Service.Scheduler2.TableCreator" に登録されました。
     [java] 2018.11.08 16:29:43.634,SYSTEM_INFO,[SVCL_00023]サービス "Sample.Service.Scheduler2.TableCreator#ScheduleDependsMasterTableCreator" のインスタンスが生成されました。
     [java] 2018.11.08 16:29:43.634,SYSTEM_INFO,[SVCM_00002]サービス "Sample.Service.Scheduler2.TableCreator#ScheduleDependsMasterTableCreator" がServiceManager "Sample.Service.Scheduler2.TableCreator" に登録されました。
     [java] 2018.11.08 16:29:43.634,SYSTEM_INFO,[SVCL_00023]サービス "Sample.Service.Scheduler2.TableCreator#ScheduleGroupDependsMasterTableCreator" のインスタンスが生成されました。
     [java] 2018.11.08 16:29:43.634,SYSTEM_INFO,[SVCM_00002]サービス "Sample.Service.Scheduler2.TableCreator#ScheduleGroupDependsMasterTableCreator" がServiceManager "Sample.Service.Scheduler2.TableCreator" に登録されました。
     [java] 2018.11.08 16:29:43.634,SYSTEM_INFO,[SVCL_00023]サービス "Sample.Service.Scheduler2.TableCreator#ScheduleGroupMasterTableCreator" のインスタンスが生成されました。
     [java] 2018.11.08 16:29:43.634,SYSTEM_INFO,[SVCM_00002]サービス "Sample.Service.Scheduler2.TableCreator#ScheduleGroupMasterTableCreator" がServiceManager "Sample.Service.Scheduler2.TableCreator" に登録されました。
     [java] 2018.11.08 16:29:43.634,SYSTEM_INFO,[SVCL_00023]サービス "Sample.Service.Scheduler2.TableCreator#ScheduleTableCreator" のインスタンスが生成されました。
     [java] 2018.11.08 16:29:43.634,SYSTEM_INFO,[SVCM_00002]サービス "Sample.Service.Scheduler2.TableCreator#ScheduleTableCreator" がServiceManager "Sample.Service.Scheduler2.TableCreator" に登録されました。
     [java] 2018.11.08 16:29:43.634,SYSTEM_INFO,[SVCL_00023]サービス "Sample.Service.Scheduler2.TableCreator#ScheduleGroupTableCreator" のインスタンスが生成されました。
     [java] 2018.11.08 16:29:43.634,SYSTEM_INFO,[SVCM_00002]サービス "Sample.Service.Scheduler2.TableCreator#ScheduleGroupTableCreator" がServiceManager "Sample.Service.Scheduler2.TableCreator" に登録されました。
     [java] 2018.11.08 16:29:43.634,SYSTEM_INFO,[SVCL_00023]サービス "Sample.Service.Scheduler2.TableCreator#ScheduleDependsTableCreator" のインスタンスが生成されました。
     [java] 2018.11.08 16:29:43.634,SYSTEM_INFO,[SVCM_00002]サービス "Sample.Service.Scheduler2.TableCreator#ScheduleDependsTableCreator" がServiceManager "Sample.Service.Scheduler2.TableCreator" に登録されました。
     [java] 2018.11.08 16:29:43.634,SYSTEM_INFO,[SVCL_00023]サービス "Sample.Service.Scheduler2.TableCreator#ScheduleGroupDependsTableCreator" のインスタンスが生成されました。
     [java] 2018.11.08 16:29:43.634,SYSTEM_INFO,[SVCM_00002]サービス "Sample.Service.Scheduler2.TableCreator#ScheduleGroupDependsTableCreator" がServiceManager "Sample.Service.Scheduler2.TableCreator" に登録されました。
     [java] 2018.11.08 16:29:43.634,SYSTEM_INFO,[SVCL_00023]サービス "Sample.Service.Scheduler2.TableCreator#RecordListConverter" のインスタンスが生成されました。
     [java] 2018.11.08 16:29:43.649,SYSTEM_INFO,[SVCM_00002]サービス "Sample.Service.Scheduler2.TableCreator#RecordListConverter" がServiceManager "Sample.Service.Scheduler2.TableCreator" に登録されました。
     [java] 2018.11.08 16:29:43.649,SYSTEM_INFO,[SVC__00001]サービス "Sample.Service.Scheduler2#Sample.Service.Scheduler2" のcreate()処理が開始されました。
     [java] 2018.11.08 16:29:43.649,SYSTEM_INFO,[SVCM_00002]サービス "Sample.Service.Scheduler2#Sample.Service.Scheduler2" がServiceManager "Sample.Service.Scheduler2" に登録されました。
     [java] 2018.11.08 16:29:43.649,SYSTEM_INFO,[SVCMF00016]ServiceManager "Sample.Service.Scheduler2" がServiceManagerFactoryに登録されました。
     [java] 2018.11.08 16:29:43.649,SYSTEM_INFO,[SVC__00001]サービス "Sample.Service.Scheduler2#ScheduleManager" のcreate()処理が開始されました。
     [java] 2018.11.08 16:29:43.665,SYSTEM_INFO,[SVC__00019]サービス "Sample.Service.Scheduler2#ScheduleManager" のcreate()処理が完了しました。
     [java] 2018.11.08 16:29:43.665,SYSTEM_INFO,[SVC__00001]サービス "Sample.Service.Scheduler2#BeanFlowScheduleExecutor" のcreate()処理が開始されました。
     [java] 2018.11.08 16:29:43.665,SYSTEM_INFO,[SVC__00019]サービス "Sample.Service.Scheduler2#BeanFlowScheduleExecutor" のcreate()処理が完了しました。
     [java] 2018.11.08 16:29:43.665,SYSTEM_INFO,[SVC__00001]サービス "Sample.Service.Scheduler2#Scheduler" のcreate()処理が開始されました。
     [java] 2018.11.08 16:29:43.665,SYSTEM_INFO,[SVC__00019]サービス "Sample.Service.Scheduler2#Scheduler" のcreate()処理が完了しました。
     [java] 2018.11.08 16:29:43.680,SYSTEM_INFO,[SVC__00001]サービス "Sample.Service.Scheduler2#Time" のcreate()処理が開始されました。
     [java] 2018.11.08 16:29:43.680,SYSTEM_INFO,[SVC__00019]サービス "Sample.Service.Scheduler2#Time" のcreate()処理が完了しました。
     [java] 2018.11.08 16:29:43.680,SYSTEM_INFO,[SVC__00019]サービス "Sample.Service.Scheduler2#Sample.Service.Scheduler2" のcreate()処理が完了しました。
     [java] 2018.11.08 16:29:43.680,SYSTEM_INFO,[SVC__00021]サービス "Sample.Service.Scheduler2#Sample.Service.Scheduler2" のstart()処理が開始されました。
     [java] 2018.11.08 16:29:43.680,SYSTEM_INFO,[SVC__00021]サービス "Sample.Service.Scheduler2#Time" のstart()処理が開始されました。
     [java] 2018.11.08 16:29:43.680,SYSTEM_INFO,[SVC__00039]サービス "Sample.Service.Scheduler2#Time" のstart()処理が完了しました。
     [java] 2018.11.08 16:29:43.680,SYSTEM_INFO,[SVC__00039]サービス "Sample.Service.Scheduler2#Sample.Service.Scheduler2" のstart()処理が完了しました。
     [java] 2018.11.08 16:29:43.680,SYSTEM_INFO,[SVC__00001]サービス "Sample.Service.Scheduler2.BeanControl#Sample.Service.Scheduler2.BeanControl" のcreate()処理が開始されました。
     [java] 2018.11.08 16:29:43.680,SYSTEM_INFO,[SVCM_00002]サービス "Sample.Service.Scheduler2.BeanControl#Sample.Service.Scheduler2.BeanControl" がServiceManager "Sample.Service.Scheduler2.BeanControl" に登録されました。
     [java] 2018.11.08 16:29:43.680,SYSTEM_INFO,[SVCMF00016]ServiceManager "Sample.Service.Scheduler2.BeanControl" がServiceManagerFactoryに登録されました。
     [java] 2018.11.08 16:29:43.680,SYSTEM_INFO,[SVC__00001]サービス "Sample.Service.Scheduler2.BeanControl#BeanFlowInvokerFactory" のcreate()処理が開始されました。
     [java] 2018.11.08 16:29:43.680,SYSTEM_INFO,[SVC__00019]サービス "Sample.Service.Scheduler2.BeanControl#BeanFlowInvokerFactory" のcreate()処理が完了しました。
     [java] 2018.11.08 16:29:43.680,SYSTEM_INFO,[SVC__00019]サービス "Sample.Service.Scheduler2.BeanControl#Sample.Service.Scheduler2.BeanControl" のcreate()処理が完了しました。
     [java] 2018.11.08 16:29:43.680,SYSTEM_INFO,[SVC__00021]サービス "Sample.Service.Scheduler2.BeanControl#Sample.Service.Scheduler2.BeanControl" のstart()処理が開始されました。
     [java] 2018.11.08 16:29:43.680,SYSTEM_INFO,[SVC__00021]サービス "Sample.Service.Scheduler2.BeanControl#BeanFlowInvokerFactory" のstart()処理が開始されました。
     [java] 2018.11.08 16:29:43.696,SYSTEM_INFO,[SVC__00039]サービス "Sample.Service.Scheduler2.BeanControl#BeanFlowInvokerFactory" のstart()処理が完了しました。
     [java] 2018.11.08 16:29:43.696,SYSTEM_INFO,[SVC__00039]サービス "Sample.Service.Scheduler2.BeanControl#Sample.Service.Scheduler2.BeanControl" のstart()処理が完了しました。
     [java] 2018.11.08 16:29:43.696,SYSTEM_INFO,[SVC__00001]サービス "Sample.Service.Scheduler2.Connection#Sample.Service.Scheduler2.Connection" のcreate()処理が開始されました。
     [java] 2018.11.08 16:29:43.696,SYSTEM_INFO,[SVCM_00002]サービス "Sample.Service.Scheduler2.Connection#Sample.Service.Scheduler2.Connection" がServiceManager "Sample.Service.Scheduler2.Connection" に登録されました。
     [java] 2018.11.08 16:29:43.696,SYSTEM_INFO,[SVCMF00016]ServiceManager "Sample.Service.Scheduler2.Connection" がServiceManagerFactoryに登録されました。
     [java] 2018.11.08 16:29:43.696,SYSTEM_INFO,[SVC__00001]サービス "Sample.Service.Scheduler2.Connection#ConnectionFactory" のcreate()処理が開始されました。
     [java] 2018.11.08 16:29:43.696,SYSTEM_INFO,[SVC__00019]サービス "Sample.Service.Scheduler2.Connection#ConnectionFactory" のcreate()処理が完了しました。
     [java] 2018.11.08 16:29:43.696,SYSTEM_INFO,[SVC__00019]サービス "Sample.Service.Scheduler2.Connection#Sample.Service.Scheduler2.Connection" のcreate()処理が完了しました。
     [java] 2018.11.08 16:29:43.696,SYSTEM_INFO,[SVC__00021]サービス "Sample.Service.Scheduler2.Connection#Sample.Service.Scheduler2.Connection" のstart()処理が開始されました。
     [java] 2018.11.08 16:29:43.696,SYSTEM_INFO,[SVC__00021]サービス "Sample.Service.Scheduler2.Connection#ConnectionFactory" のstart()処理が開始されました。
     [java] 2018.11.08 16:29:43.712,SYSTEM_INFO,[SVC__00039]サービス "Sample.Service.Scheduler2.Connection#ConnectionFactory" のstart()処理が完了しました。
     [java] 2018.11.08 16:29:43.712,SYSTEM_INFO,[SVC__00039]サービス "Sample.Service.Scheduler2.Connection#Sample.Service.Scheduler2.Connection" のstart()処理が完了しました。
     [java] 2018.11.08 16:29:43.712,SYSTEM_INFO,[SVCL_00026]ServiceManager "Sample.Service.Scheduler2.Connection" のシャットダウンフックを設定しました。
     [java] 2018.11.08 16:29:43.712,SYSTEM_INFO,[SVC__00001]サービス "Sample.Service.Scheduler2.TableCreator#Sample.Service.Scheduler2.TableCreator" のcreate()処理が開始されました。
     [java] 2018.11.08 16:29:43.712,SYSTEM_INFO,[SVCM_00002]サービス "Sample.Service.Scheduler2.TableCreator#Sample.Service.Scheduler2.TableCreator" がServiceManager "Sample.Service.Scheduler2.TableCreator" に登録されました。
     [java] 2018.11.08 16:29:43.712,SYSTEM_INFO,[SVCMF00016]ServiceManager "Sample.Service.Scheduler2.TableCreator" がServiceManagerFactoryに登録されました。
     [java] 2018.11.08 16:29:43.712,SYSTEM_INFO,[SVC__00001]サービス "Sample.Service.Scheduler2.TableCreator#ScheduleTableCreator" のcreate()処理が開始されました。
     [java] 2018.11.08 16:29:43.712,SYSTEM_INFO,[SVC__00019]サービス "Sample.Service.Scheduler2.TableCreator#ScheduleTableCreator" のcreate()処理が完了しました。
     [java] 2018.11.08 16:29:43.727,SYSTEM_INFO,[SVC__00001]サービス "Sample.Service.Scheduler2.TableCreator#ScheduleDependsTableCreator" のcreate()処理が開始されました。
     [java] 2018.11.08 16:29:43.727,SYSTEM_INFO,[SVC__00019]サービス "Sample.Service.Scheduler2.TableCreator#ScheduleDependsTableCreator" のcreate()処理が完了しました。
     [java] 2018.11.08 16:29:43.743,SYSTEM_INFO,[SVC__00001]サービス "Sample.Service.Scheduler2.TableCreator#ScheduleGroupDependsTableCreator" のcreate()処理が開始されました。
     [java] 2018.11.08 16:29:43.743,SYSTEM_INFO,[SVC__00019]サービス "Sample.Service.Scheduler2.TableCreator#ScheduleGroupDependsTableCreator" のcreate()処理が完了しました。
     [java] 2018.11.08 16:29:43.743,SYSTEM_INFO,[SVC__00001]サービス "Sample.Service.Scheduler2.TableCreator#ScheduleDependsMasterTableCreator" のcreate()処理が開始されました。
     [java] 2018.11.08 16:29:43.743,SYSTEM_INFO,[SVC__00019]サービス "Sample.Service.Scheduler2.TableCreator#ScheduleDependsMasterTableCreator" のcreate()処理が完了しました。
     [java] 2018.11.08 16:29:43.743,SYSTEM_INFO,[SVC__00001]サービス "Sample.Service.Scheduler2.TableCreator#ScheduleGroupTableCreator" のcreate()処理が開始されました。
     [java] 2018.11.08 16:29:43.743,SYSTEM_INFO,[SVC__00019]サービス "Sample.Service.Scheduler2.TableCreator#ScheduleGroupTableCreator" のcreate()処理が完了しました。
     [java] 2018.11.08 16:29:43.743,SYSTEM_INFO,[SVC__00001]サービス "Sample.Service.Scheduler2.TableCreator#ScheduleSequenceTableCreator" のcreate()処理が開始されました。
     [java] 2018.11.08 16:29:43.743,SYSTEM_INFO,[SVC__00019]サービス "Sample.Service.Scheduler2.TableCreator#ScheduleSequenceTableCreator" のcreate()処理が完了しました。
     [java] 2018.11.08 16:29:43.759,SYSTEM_INFO,[SVC__00001]サービス "Sample.Service.Scheduler2.TableCreator#ScheduleMasterTableCreator" のcreate()処理が開始されました。
     [java] 2018.11.08 16:29:43.759,SYSTEM_INFO,[SVC__00019]サービス "Sample.Service.Scheduler2.TableCreator#ScheduleMasterTableCreator" のcreate()処理が完了しました。
     [java] 2018.11.08 16:29:43.759,SYSTEM_INFO,[SVC__00001]サービス "Sample.Service.Scheduler2.TableCreator#ScheduleGroupMasterTableCreator" のcreate()処理が開始されました。
     [java] 2018.11.08 16:29:43.759,SYSTEM_INFO,[SVC__00019]サービス "Sample.Service.Scheduler2.TableCreator#ScheduleGroupMasterTableCreator" のcreate()処理が完了しました。
     [java] 2018.11.08 16:29:43.759,SYSTEM_INFO,[SVC__00001]サービス "Sample.Service.Scheduler2.TableCreator#ScheduleSequenceCreator" のcreate()処理が開始されました。
     [java] 2018.11.08 16:29:43.759,SYSTEM_INFO,[SVC__00019]サービス "Sample.Service.Scheduler2.TableCreator#ScheduleSequenceCreator" のcreate()処理が完了しました。
     [java] 2018.11.08 16:29:43.759,SYSTEM_INFO,[SVC__00001]サービス "Sample.Service.Scheduler2.TableCreator#ScheduleGroupDependsMasterTableCreator" のcreate()処理が開始されました。
     [java] 2018.11.08 16:29:43.759,SYSTEM_INFO,[SVC__00019]サービス "Sample.Service.Scheduler2.TableCreator#ScheduleGroupDependsMasterTableCreator" のcreate()処理が完了しました。
     [java] 2018.11.08 16:29:43.759,SYSTEM_INFO,[SVC__00001]サービス "Sample.Service.Scheduler2.TableCreator#RecordListConverter" のcreate()処理が開始されました。
     [java] 2018.11.08 16:29:43.759,SYSTEM_INFO,[SVC__00019]サービス "Sample.Service.Scheduler2.TableCreator#RecordListConverter" のcreate()処理が完了しました。
     [java] 2018.11.08 16:29:43.759,SYSTEM_INFO,[SVC__00019]サービス "Sample.Service.Scheduler2.TableCreator#Sample.Service.Scheduler2.TableCreator" のcreate()処理が完了しました。
     [java] 2018.11.08 16:29:43.759,SYSTEM_INFO,[SVC__00021]サービス "Sample.Service.Scheduler2.TableCreator#Sample.Service.Scheduler2.TableCreator" のstart()処理が開始されました。
     [java] 2018.11.08 16:29:43.759,SYSTEM_INFO,[SVC__00021]サービス "Sample.Service.Scheduler2.TableCreator#RecordListConverter" のstart()処理が開始されました。
     [java] 2018.11.08 16:29:43.759,SYSTEM_INFO,[SVC__00039]サービス "Sample.Service.Scheduler2.TableCreator#RecordListConverter" のstart()処理が完了しました。
     [java] 2018.11.08 16:29:43.759,SYSTEM_INFO,[SVC__00021]サービス "Sample.Service.Scheduler2.TableCreator#ScheduleTableCreator" のstart()処理が開始されました。
     [java] 2018.11.08 16:29:44.087,SYSTEM_INFO,[SVC__00039]サービス "Sample.Service.Scheduler2.TableCreator#ScheduleTableCreator" のstart()処理が完了しました。
     [java] 2018.11.08 16:29:44.087,SYSTEM_INFO,[SVC__00021]サービス "Sample.Service.Scheduler2.TableCreator#ScheduleDependsTableCreator" のstart()処理が開始されました。
     [java] 2018.11.08 16:29:44.290,SYSTEM_INFO,[SVC__00039]サービス "Sample.Service.Scheduler2.TableCreator#ScheduleDependsTableCreator" のstart()処理が完了しました。
     [java] 2018.11.08 16:29:44.290,SYSTEM_INFO,[SVC__00021]サービス "Sample.Service.Scheduler2.TableCreator#ScheduleGroupDependsTableCreator" のstart()処理が開始されました。
     [java] 2018.11.08 16:29:44.476,SYSTEM_INFO,[SVC__00039]サービス "Sample.Service.Scheduler2.TableCreator#ScheduleGroupDependsTableCreator" のstart()処理が完了しました。
     [java] 2018.11.08 16:29:44.476,SYSTEM_INFO,[SVC__00021]サービス "Sample.Service.Scheduler2.TableCreator#ScheduleDependsMasterTableCreator" のstart()処理が開始されました。
     [java] 2018.11.08 16:29:44.789,SYSTEM_INFO,[SVC__00039]サービス "Sample.Service.Scheduler2.TableCreator#ScheduleDependsMasterTableCreator" のstart()処理が完了しました。
     [java] 2018.11.08 16:29:44.789,SYSTEM_INFO,[SVC__00021]サービス "Sample.Service.Scheduler2.TableCreator#ScheduleGroupTableCreator" のstart()処理が開始されました。
     [java] 2018.11.08 16:29:45.023,SYSTEM_INFO,[SVC__00039]サービス "Sample.Service.Scheduler2.TableCreator#ScheduleGroupTableCreator" のstart()処理が完了しました。
     [java] 2018.11.08 16:29:45.023,SYSTEM_INFO,[SVC__00021]サービス "Sample.Service.Scheduler2.TableCreator#ScheduleSequenceCreator" のstart()処理が開始されました。
     [java] 2018.11.08 16:29:45.175,SYSTEM_INFO,[SVC__00039]サービス "Sample.Service.Scheduler2.TableCreator#ScheduleSequenceCreator" のstart()処理が完了しました。
     [java] 2018.11.08 16:29:45.175,SYSTEM_INFO,[SVC__00021]サービス "Sample.Service.Scheduler2.TableCreator#ScheduleSequenceTableCreator" のstart()処理が開始されました。
     [java] 2018.11.08 16:29:45.413,SYSTEM_INFO,[SVC__00039]サービス "Sample.Service.Scheduler2.TableCreator#ScheduleSequenceTableCreator" のstart()処理が完了しました。
     [java] 2018.11.08 16:29:45.413,SYSTEM_INFO,[SVC__00021]サービス "Sample.Service.Scheduler2.TableCreator#ScheduleMasterTableCreator" のstart()処理が開始されました。
     [java] 2018.11.08 16:29:45.772,SYSTEM_INFO,[SVC__00039]サービス "Sample.Service.Scheduler2.TableCreator#ScheduleMasterTableCreator" のstart()処理が完了しました。
     [java] 2018.11.08 16:29:45.772,SYSTEM_INFO,[SVC__00021]サービス "Sample.Service.Scheduler2.TableCreator#ScheduleGroupMasterTableCreator" のstart()処理が開始されました。
     [java] 2018.11.08 16:29:46.054,SYSTEM_INFO,[SVC__00039]サービス "Sample.Service.Scheduler2.TableCreator#ScheduleGroupMasterTableCreator" のstart()処理が完了しました。
     [java] 2018.11.08 16:29:46.054,SYSTEM_INFO,[SVC__00021]サービス "Sample.Service.Scheduler2.TableCreator#ScheduleGroupDependsMasterTableCreator" のstart()処理が開始されました。
     [java] 2018.11.08 16:29:46.290,SYSTEM_INFO,[SVC__00021]サービス "Sample.Service.Scheduler2#ScheduleManager" のstart()処理が開始されました。
     [java] 2018.11.08 16:29:46.556,SYSTEM_INFO,[SVC__00021]サービス "Sample.Service.Scheduler2#BeanFlowScheduleExecutor" のstart()処理が開始されました。
     [java] 2018.11.08 16:29:46.556,SYSTEM_INFO,[SVC__00021]サービス "Sample.Service.Scheduler2#Scheduler" のstart()処理が開始されました。
     [java] 2018.11.08 16:29:46.572,SYSTEM_INFO,[SVC__00039]サービス "Sample.Service.Scheduler2#Scheduler" のstart()処理が完了しました。
     [java] 2018.11.08 16:29:46.572,SYSTEM_INFO,[SVC__00039]サービス "Sample.Service.Scheduler2#BeanFlowScheduleExecutor" のstart()処理が完了しました。
     [java] 2018.11.08 16:29:46.572,SYSTEM_INFO,[SVC__00039]サービス "Sample.Service.Scheduler2#ScheduleManager" のstart()処理が完了しました。
     [java] 2018.11.08 16:29:46.572,SYSTEM_INFO,[SVC__00039]サービス "Sample.Service.Scheduler2.TableCreator#ScheduleGroupDependsMasterTableCreator" のstart()処理が完了しました。
     [java] 2018.11.08 16:29:46.572,SYSTEM_INFO,[SVC__00039]サービス "Sample.Service.Scheduler2.TableCreator#Sample.Service.Scheduler2.TableCreator" のstart()処理が完了しました。
     [java] 2018.11.08 16:29:46.572,SYSTEM_INFO,[SVCMF00009]サービス定義のロードが完了しました。 : file:/C:/app/workspaces/workspace_nimbus/nimbus-template/target/service-scheduler2/sample/database_postgresql/service-scheduler2/service-definition.xml
     [java] 2018/11/08 07:59:59
     [java] 2018/11/08 08:00:00
     [java] 2018/11/08 08:00:03
     [java] 2018/11/08 08:00:05
     [java] 2018/11/08 08:00:06
     [java] 2018/11/08 08:00:07
     [java] 2018/11/08 08:00:08
     [java] 2018/11/08 08:00:10
     [java] 2018/11/08 08:00:11
     [java] 2018/11/08 08:00:12
     [java] 2018/11/08 08:00:13
     [java] 2018/11/08 08:00:15
     [java] 2018/11/08 08:00:16
     [java] 2018/11/08 08:00:17
     [java] 2018/11/08 08:00:19
     [java] 2018/11/08 08:00:20
     [java] 2018/11/08 08:00:21
     [java] 2018/11/08 08:00:22
     [java] 2018/11/08 08:00:24
     [java] 2018/11/08 08:00:25
バッチ ジョブを終了しますか (Y/N)? 
バッチ ジョブを終了しますか (Y/N)? 
バッチ ジョブを終了しますか (Y/N)? 
バッチ ジョブを終了しますか (Y/N)? 
バッチ ジョブを終了しますか (Y/N)? 
バッチ ジョブを終了しますか (Y/N)? 
